CRITICAL - 2024-09-18 00:33:58 --> ErrorException: Undefined variable $marca
[Method: GET, Route: categorias/edit/1]
in APPPATH\Views\Categorias\edit.php on line 4.
 1 APPPATH\Views\Categorias\edit.php(4): CodeIgniter\Debug\Exceptions->errorHandler(2, 'Undefined variable $marca', 'C:\\xampp\\htdocs\\PanaderiaWeb\\app\\Views\\Categorias\\edit.php', 4)
 2 SYSTEMPATH\View\View.php(234): include('C:\\xampp\\htdocs\\PanaderiaWeb\\app\\Views\\Categorias\\edit.php')
 3 SYSTEMPATH\View\View.php(237): CodeIgniter\View\View->CodeIgniter\View\{closure}()
 4 SYSTEMPATH\Common.php(1169): CodeIgniter\View\View->render('categorias/edit', [], true)
 5 APPPATH\Controllers\Categorias.php(35): view('categorias/edit', [...])
 6 SYSTEMPATH\CodeIgniter.php(933): App\Controllers\categorias->edit('1')
 7 SYSTEMPATH\CodeIgniter.php(509): CodeIgniter\CodeIgniter->runController(Object(App\Controllers\categorias))
 8 SYSTEMPATH\CodeIgniter.php(355): CodeIgniter\CodeIgniter->handleRequest(null, Object(Config\Cache), false)
 9 SYSTEMPATH\Boot.php(325): CodeIgniter\CodeIgniter->run()
10 SYSTEMPATH\Boot.php(67): CodeIgniter\Boot::runCodeIgniter(Object(CodeIgniter\CodeIgniter))
11 FCPATH\index.php(56): CodeIgniter\Boot::bootWeb(Object(Config\Paths))
12 SYSTEMPATH\rewrite.php(44): require_once('C:\\xampp\\htdocs\\PanaderiaWeb\\public\\index.php')
CRITICAL - 2024-09-18 00:38:55 --> ErrorException: Undefined array key "nombreCategoria"
[Method: POST, Route: categorias/update/]
in APPPATH\Controllers\Categorias.php on line 46.
 1 APPPATH\Controllers\Categorias.php(46): CodeIgniter\Debug\Exceptions->errorHandler(2, 'Undefined array key "nombreCategoria"', 'C:\\xampp\\htdocs\\PanaderiaWeb\\app\\Controllers\\Categorias.php', 46)
 2 SYSTEMPATH\CodeIgniter.php(933): App\Controllers\categorias->update('')
 3 SYSTEMPATH\CodeIgniter.php(509): CodeIgniter\CodeIgniter->runController(Object(App\Controllers\categorias))
 4 SYSTEMPATH\CodeIgniter.php(355): CodeIgniter\CodeIgniter->handleRequest(null, Object(Config\Cache), false)
 5 SYSTEMPATH\Boot.php(325): CodeIgniter\CodeIgniter->run()
 6 SYSTEMPATH\Boot.php(67): CodeIgniter\Boot::runCodeIgniter(Object(CodeIgniter\CodeIgniter))
 7 FCPATH\index.php(56): CodeIgniter\Boot::bootWeb(Object(Config\Paths))
 8 SYSTEMPATH\rewrite.php(44): require_once('C:\\xampp\\htdocs\\PanaderiaWeb\\public\\index.php')
